# JRE version: OpenJDK Runtime Environment (7.0_71-b14) (build 1.7.0_71-b14)
# Java VM: OpenJDK 64-Bit Server VM (24.65-b04 mixed mode linux-amd64 compressed oops)
Heap
 PSYoungGen      total 271872K, used 960K [0x00000007d6e00000, 0x00000007e8b00000, 0x0000000800000000)
  eden space 251904K, 0% used [0x00000007d6e00000,0x00000007d6e00000,0x00000007e6400000)
  from space 19968K, 4% used [0x00000007e7780000,0x00000007e7870000,0x00000007e8b00000)
  to   space 1536K, 0% used [0x00000007e6f00000,0x00000007e6f00000,0x00000007e7080000)
 ParOldGen       total 83968K, used 70978K [0x0000000784a00000, 0x0000000789c00000, 0x00000007d6e00000)
  object space 83968K, 84% used [0x0000000784a00000,0x0000000788f508a0,0x0000000789c00000)
 PSPermGen       total 58880K, used 58753K [0x000000077a400000, 0x000000077dd80000, 0x0000000784a00000)
  object space 58880K, 99% used [0x000000077a400000,0x000000077dd60628,0x000000077dd80000)
GC Heap History (10 events):
Event: 87.960 GC heap after
Heap after GC invocations=15 (full 0):
 PSYoungGen      total 137216K, used 3953K [0x00000007d6e00000, 0x00000007e4d80000, 0x0000000800000000)
  eden space 117248K, 0% used [0x00000007d6e00000,0x00000007d6e00000,0x00000007de080000)
  from space 19968K, 19% used [0x00000007de080000,0x00000007de45c470,0x00000007df400000)
  to   space 20480K, 0% used [0x00000007e3980000,0x00000007e3980000,0x00000007e4d80000)
 ParOldGen       total 83968K, used 62559K [0x0000000784a00000, 0x0000000789c00000, 0x00000007d6e00000)
  object space 83968K, 74% used [0x0000000784a00000,0x0000000788717ee0,0x0000000789c00000)
 PSPermGen       total 58880K, used 58596K [0x000000077a400000, 0x000000077dd80000, 0x0000000784a00000)
  object space 58880K, 99% used [0x000000077a400000,0x000000077dd39060,0x000000077dd80000)
}
Event: 102.506 GC heap before
{Heap before GC invocations=16 (full 0):
 PSYoungGen      total 137216K, used 121201K [0x00000007d6e00000, 0x00000007e4d80000, 0x0000000800000000)
  eden space 117248K, 100% used [0x00000007d6e00000,0x00000007de080000,0x00000007de080000)
  from space 19968K, 19% used [0x00000007de080000,0x00000007de45c470,0x00000007df400000)
  to   space 20480K, 0% used [0x00000007e3980000,0x00000007e3980000,0x00000007e4d80000)
 ParOldGen       total 83968K, used 62559K [0x0000000784a00000, 0x0000000789c00000, 0x00000007d6e00000)
  object space 83968K, 74% used [0x0000000784a00000,0x0000000788717ee0,0x0000000789c00000)
 PSPermGen       total 58880K, used 58680K [0x000000077a400000, 0x000000077dd80000, 0x0000000784a00000)
  object space 58880K, 99% used [0x000000077a400000,0x000000077dd4e178,0x000000077dd80000)
Event: 102.517 GC heap after
Heap after GC invocations=16 (full 0):
 PSYoungGen      total 208384K, used 3426K [0x00000007d6e00000, 0x00000007e4d80000, 0x0000000800000000)
  eden space 187904K, 0% used [0x00000007d6e00000,0x00000007d6e00000,0x00000007e2580000)
  from space 20480K, 16% used [0x00000007e3980000,0x00000007e3cd88e0,0x00000007e4d80000)
  to   space 20480K, 0% used [0x00000007e2580000,0x00000007e2580000,0x00000007e3980000)
 ParOldGen       total 83968K, used 65216K [0x0000000784a00000, 0x0000000789c00000, 0x00000007d6e00000)
  object space 83968K, 77% used [0x0000000784a00000,0x00000007889b0170,0x0000000789c00000)
 PSPermGen       total 58880K, used 58680K [0x000000077a400000, 0x000000077dd80000, 0x0000000784a00000)
  object space 58880K, 99% used [0x000000077a400000,0x000000077dd4e178,0x000000077dd80000)
}
Event: 115.552 GC heap before
{Heap before GC invocations=17 (full 0):
 PSYoungGen      total 208384K, used 191330K [0x00000007d6e00000, 0x00000007e4d80000, 0x0000000800000000)
  eden space 187904K, 100% used [0x00000007d6e00000,0x00000007e2580000,0x00000007e2580000)
  from space 20480K, 16% used [0x00000007e3980000,0x00000007e3cd88e0,0x00000007e4d80000)
  to   space 20480K, 0% used [0x00000007e2580000,0x00000007e2580000,0x00000007e3980000)
 ParOldGen       total 83968K, used 65216K [0x0000000784a00000, 0x0000000789c00000, 0x00000007d6e00000)
  object space 83968K, 77% used [0x0000000784a00000,0x00000007889b0170,0x0000000789c00000)
 PSPermGen       total 58880K, used 58715K [0x000000077a400000, 0x000000077dd80000, 0x0000000784a00000)
  object space 58880K, 99% used [0x000000077a400000,0x000000077dd56dc8,0x000000077dd80000)
Event: 115.565 GC heap after
Heap after GC invocations=17 (full 0):
 PSYoungGen      total 208384K, used 3202K [0x00000007d6e00000, 0x00000007e9600000, 0x0000000800000000)
  eden space 187904K, 0% used [0x00000007d6e00000,0x00000007d6e00000,0x00000007e2580000)
  from space 20480K, 15% used [0x00000007e2580000,0x00000007e28a08c0,0x00000007e3980000)
  to   space 19968K, 0% used [0x00000007e8280000,0x00000007e8280000,0x00000007e9600000)
 ParOldGen       total 83968K, used 67266K [0x0000000784a00000, 0x0000000789c00000, 0x00000007d6e00000)
  object space 83968K, 80% used [0x0000000784a00000,0x0000000788bb0bd0,0x0000000789c00000)
 PSPermGen       total 58880K, used 58715K [0x000000077a400000, 0x000000077dd80000, 0x0000000784a00000)
  object space 58880K, 99% used [0x000000077a400000,0x000000077dd56dc8,0x000000077dd80000)
}
Event: 115.946 GC heap before
{Heap before GC invocations=18 (full 0):
 PSYoungGen      total 208384K, used 191106K [0x00000007d6e00000, 0x00000007e9600000, 0x0000000800000000)
  eden space 187904K, 100% used [0x00000007d6e00000,0x00000007e2580000,0x00000007e2580000)
  from space 20480K, 15% used [0x00000007e2580000,0x00000007e28a08c0,0x00000007e3980000)
  to   space 19968K, 0% used [0x00000007e8280000,0x00000007e8280000,0x00000007e9600000)
 ParOldGen       total 83968K, used 67266K [0x0000000784a00000, 0x0000000789c00000, 0x00000007d6e00000)
  object space 83968K, 80% used [0x0000000784a00000,0x0000000788bb0bd0,0x0000000789c00000)
 PSPermGen       total 58880K, used 58730K [0x000000077a400000, 0x000000077dd80000, 0x0000000784a00000)
  object space 58880K, 99% used [0x000000077a400000,0x000000077dd5a830,0x000000077dd80000)
Event: 115.954 GC heap after
Heap after GC invocations=18 (full 0):
 PSYoungGen      total 283136K, used 864K [0x00000007d6e00000, 0x00000007e9600000, 0x0000000800000000)
  eden space 263168K, 0% used [0x00000007d6e00000,0x00000007d6e00000,0x00000007e6f00000)
  from space 19968K, 4% used [0x00000007e8280000,0x00000007e8358000,0x00000007e9600000)
  to   space 19968K, 0% used [0x00000007e6f00000,0x00000007e6f00000,0x00000007e8280000)
 ParOldGen       total 83968K, used 69450K [0x0000000784a00000, 0x0000000789c00000, 0x00000007d6e00000)
  object space 83968K, 82% used [0x0000000784a00000,0x0000000788dd28a0,0x0000000789c00000)
 PSPermGen       total 58880K, used 58730K [0x000000077a400000, 0x000000077dd80000, 0x0000000784a00000)
  object space 58880K, 99% used [0x000000077a400000,0x000000077dd5a830,0x000000077dd80000)
}
Event: 119.102 GC heap before
{Heap before GC invocations=19 (full 0):
 PSYoungGen      total 283136K, used 264032K [0x00000007d6e00000, 0x00000007e9600000, 0x0000000800000000)
  eden space 263168K, 100% used [0x00000007d6e00000,0x00000007e6f00000,0x00000007e6f00000)
  from space 19968K, 4% used [0x00000007e8280000,0x00000007e8358000,0x00000007e9600000)
  to   space 19968K, 0% used [0x00000007e6f00000,0x00000007e6f00000,0x00000007e8280000)
 ParOldGen       total 83968K, used 69450K [0x0000000784a00000, 0x0000000789c00000, 0x00000007d6e00000)
  object space 83968K, 82% used [0x0000000784a00000,0x0000000788dd28a0,0x0000000789c00000)
 PSPermGen       total 58880K, used 58746K [0x000000077a400000, 0x000000077dd80000, 0x0000000784a00000)
  object space 58880K, 99% used [0x000000077a400000,0x000000077dd5eae8,0x000000077dd80000)
Event: 119.107 GC heap after
Heap after GC invocations=19 (full 0):
 PSYoungGen      total 253440K, used 1056K [0x00000007d6e00000, 0x00000007e8b00000, 0x0000000800000000)
  eden space 251904K, 0% used [0x00000007d6e00000,0x00000007d6e00000,0x00000007e6400000)
  from space 1536K, 68% used [0x00000007e6f00000,0x00000007e7008000,0x00000007e7080000)
  to   space 19968K, 0% used [0x00000007e7780000,0x00000007e7780000,0x00000007e8b00000)
 ParOldGen       total 83968K, used 70066K [0x0000000784a00000, 0x0000000789c00000, 0x00000007d6e00000)
  object space 83968K, 83% used [0x0000000784a00000,0x0000000788e6c8a0,0x0000000789c00000)
 PSPermGen       total 58880K, used 58746K [0x000000077a400000, 0x000000077dd80000, 0x0000000784a00000)
  object space 58880K, 99% used [0x000000077a400000,0x000000077dd5eae8,0x000000077dd80000)
}
Event: 119.489 GC heap before
{Heap before GC invocations=20 (full 0):
 PSYoungGen      total 253440K, used 252960K [0x00000007d6e00000, 0x00000007e8b00000, 0x0000000800000000)
  eden space 251904K, 100% used [0x00000007d6e00000,0x00000007e6400000,0x00000007e6400000)
  from space 1536K, 68% used [0x00000007e6f00000,0x00000007e7008000,0x00000007e7080000)
  to   space 19968K, 0% used [0x00000007e7780000,0x00000007e7780000,0x00000007e8b00000)
 ParOldGen       total 83968K, used 70066K [0x0000000784a00000, 0x0000000789c00000, 0x00000007d6e00000)
  object space 83968K, 83% used [0x0000000784a00000,0x0000000788e6c8a0,0x0000000789c00000)
 PSPermGen       total 58880K, used 58753K [0x000000077a400000, 0x000000077dd80000, 0x0000000784a00000)
  object space 58880K, 99% used [0x000000077a400000,0x000000077dd60628,0x000000077dd80000)

